2017/11/20 10:30:06 cfg.go:79: read config file: /usr/local/open-falcon/open-falcon/hbs/config/cfg.json successfully
2017/11/20 10:30:06 cache.go:23: cache begin
2017/11/20 10:30:06 cache.go:25: #1 GroupPlugins...
2017/11/20 10:30:06 cache.go:28: #2 GroupTemplates...
2017/11/20 10:30:06 cache.go:31: #3 HostGroupsMap...
2017/11/20 10:30:06 cache.go:34: #4 HostMap...
2017/11/20 10:30:06 cache.go:37: #5 TemplateCache...
2017/11/20 10:30:06 cache.go:40: #6 Strategies...
2017/11/20 10:30:06 cache.go:43: #7 HostTemplateIds...
2017/11/20 10:30:06 cache.go:46: #8 ExpressionCache...
2017/11/20 10:30:06 cache.go:49: #9 MonitoredHosts...
2017/11/20 10:30:06 cache.go:52: cache done
2017/11/20 10:30:06 http.go:74: http listening 0.0.0.0:6031
2017/11/20 10:30:06 rpc.go:42: listening :6030

2017/11/20 10:59:43 cfg.go:79: read config file: /usr/local/open-falcon/open-falcon/hbs/config/cfg.json successfully
2017/11/20 10:59:43 cache.go:23: cache begin
2017/11/20 10:59:43 cache.go:25: #1 GroupPlugins...
2017/11/20 10:59:43 cache.go:28: #2 GroupTemplates...
2017/11/20 10:59:43 cache.go:31: #3 HostGroupsMap...
2017/11/20 10:59:43 cache.go:34: #4 HostMap...
2017/11/20 10:59:43 cache.go:37: #5 TemplateCache...
2017/11/20 10:59:43 cache.go:40: #6 Strategies...
2017/11/20 10:59:43 cache.go:43: #7 HostTemplateIds...
2017/11/20 10:59:43 cache.go:46: #8 ExpressionCache...
2017/11/20 10:59:43 cache.go:49: #9 MonitoredHosts...
2017/11/20 10:59:43 cache.go:52: cache done
2017/11/20 10:59:43 http.go:74: http listening 0.0.0.0:6031
2017/11/20 10:59:43 rpc.go:42: listening :6030

2017/11/20 11:27:44 cfg.go:79: read config file: /usr/local/open-falcon/open-falcon/hbs/config/cfg.json successfully
2017/11/20 11:27:44 cache.go:23: cache begin
2017/11/20 11:27:44 cache.go:25: #1 GroupPlugins...
2017/11/20 11:27:44 cache.go:28: #2 GroupTemplates...
2017/11/20 11:27:44 cache.go:31: #3 HostGroupsMap...
2017/11/20 11:27:44 cache.go:34: #4 HostMap...
2017/11/20 11:27:44 cache.go:37: #5 TemplateCache...
2017/11/20 11:27:44 cache.go:40: #6 Strategies...
2017/11/20 11:27:44 cache.go:43: #7 HostTemplateIds...
2017/11/20 11:27:44 cache.go:46: #8 ExpressionCache...
2017/11/20 11:27:44 cache.go:49: #9 MonitoredHosts...
2017/11/20 11:27:44 cache.go:52: cache done
2017/11/20 11:27:44 http.go:74: http listening 0.0.0.0:6031
2017/11/20 11:27:44 rpc.go:42: listening :6030

2017/11/20 14:19:35 cfg.go:79: read config file: /usr/local/open-falcon/open-falcon/hbs/config/cfg.json successfully
2017/11/20 14:19:35 cache.go:23: cache begin
2017/11/20 14:19:35 cache.go:25: #1 GroupPlugins...
2017/11/20 14:19:35 cache.go:28: #2 GroupTemplates...
2017/11/20 14:19:35 cache.go:31: #3 HostGroupsMap...
2017/11/20 14:19:35 cache.go:34: #4 HostMap...
2017/11/20 14:19:35 cache.go:37: #5 TemplateCache...
2017/11/20 14:19:35 cache.go:40: #6 Strategies...
2017/11/20 14:19:35 cache.go:43: #7 HostTemplateIds...
2017/11/20 14:19:35 cache.go:46: #8 ExpressionCache...
2017/11/20 14:19:35 cache.go:49: #9 MonitoredHosts...
2017/11/20 14:19:35 cache.go:52: cache done
2017/11/20 14:19:35 http.go:74: http listening 0.0.0.0:6031
2017/11/20 14:19:35 rpc.go:42: listening :6030
